// 2nd Way of Function Creation 
undefined
// Function Expression / Anonymous Function 
undefined
var a = 10 + 20; // Number Expression
undefined
var add = function(){
    console.log('Function Expression ');
}
undefined
typeof add;
'function'
/*button.onclick = function(){
    
}*/
undefined
// var adder; // undefined
adder();
//adder = function(){}
var adder = function(){
    console.log('Adder ');
}


VM555:2 Uncaught TypeError: adder is not a function
    at <anonymous>:2:1
(anonymous) @ VM555:2
add;
ƒ (){
    console.log('Function Expression ');
}
function output(){}
undefined
function Calc(){
    var addition = function(x,y){
        return x + y;
    }
    var subtraction = function (x,y){
        return x - y;
    }
    return [addition , subtraction];
}
var arr = Calc();
undefined
arr;
(2) [ƒ, ƒ]0: ƒ (x,y)arguments: nullcaller: nulllength: 2name: "addition"prototype: {}[[FunctionLocation]]: VM812:2[[Prototype]]: ƒ ()[[Scopes]]: Scopes[1]1: ƒ (x,y)length: 2[[Prototype]]: Array(0)
arr[0](10,2);
12
arr[1](10,2);
8
function Calc(){
    var addition = function add(x,y){
        return x + y;
    }
    var subtraction = function sub(x,y){
        return x - y;
    }
    return [addition , subtraction];
}
var arr = Calc();
undefined
arr;
(2) [ƒ, ƒ]0: ƒ add(x,y)1: ƒ sub(x,y)length: 2[[Prototype]]: Array(0)
arr[0](10,20);
30
function Calc(){
    var addition = function add(x,y){
        return x + y;
    }
    var subtraction = function sub(x,y){
        return x - y;
    }
    return {addition , subtraction};
}
var obj = Calc();
undefined
obj;
{addition: ƒ, subtraction: ƒ}
obj.addition(10,2);
12
